\BOOKMARK [0][]{chapter*.2}{\376\377\000I\000n\000d\000l\000e\000d\000n\000i\000n\000g}{}% 1
\BOOKMARK [0][]{chapter*.3}{\376\377\000N\000i\000v\000e\000a\000u\000\040\0001}{}% 2
\BOOKMARK [1][]{table.caption.4}{\376\377\000E\000v\000n\000e\000\040\000b\000e\000s\000k\000r\000i\000v\000e\000l\000s\000e}{chapter*.3}% 3
\BOOKMARK [2][]{subsection*.5}{\376\377\000L\000\346\000s\000e\000\040\000o\000g\000\040\000s\000k\000r\000i\000v\000e\000\040\000E\000l\000v\000i\000s\000k}{table.caption.4}% 4
\BOOKMARK [2][]{subsection*.7}{\376\377\000L\000\346\000s\000e\000\040\000o\000g\000\040\000s\000k\000r\000i\000v\000e\000\040\000M\000a\000g\000i\000s\000k}{table.caption.4}% 5
\BOOKMARK [2][]{figure.caption.8}{\376\377\000M\000a\000g\000i\000s\000k\000e\000\040\000S\000t\000u\000d\000i\000e\000r}{table.caption.4}% 6
\BOOKMARK [2][]{figure.caption.8}{\376\377\000M\000a\000g\000i\000s\000k\000e\000\040\000S\000t\000u\000d\000i\000e\000r}{table.caption.4}% 7
\BOOKMARK [0][]{chapter*.9}{\376\377\000N\000i\000v\000e\000a\000u\000\040\0002}{}% 8
\BOOKMARK [1][]{table.caption.10}{\376\377\000E\000v\000n\000e\000\040\000b\000e\000s\000k\000r\000i\000v\000e\000l\000s\000e}{chapter*.9}% 9
\BOOKMARK [2][]{section*.11}{\376\377\000E\000k\000s\000t\000r\000a\000\040\000M\000a\000n\000a\000\040\000N\000i\000v\000.\000\040\0001}{table.caption.10}% 10
\BOOKMARK [2][]{section*.11}{\376\377\000O\000p\000s\000u\000g\000\040\000M\000a\000n\000a\000k\000r\000y\000s\000t\000a\000l}{table.caption.10}% 11
\BOOKMARK [2][]{section*.11}{\376\377\000T\000r\000o\000l\000d\000m\000a\000n\000d\000s\000m\000a\000g\000i\000\040\000N\000i\000v\000.\000\040\0002}{table.caption.10}% 12
\BOOKMARK [0][]{chapter*.12}{\376\377\000N\000i\000v\000e\000a\000u\000\040\0003}{}% 13
\BOOKMARK [1][]{table.caption.13}{\376\377\000E\000v\000n\000e\000\040\000b\000e\000s\000k\000r\000i\000v\000e\000l\000s\000e}{chapter*.12}% 14
\BOOKMARK [2][]{section*.14}{\376\377\000E\000k\000s\000t\000r\000a\000\040\000M\000a\000n\000a\000\040\000N\000i\000v\000.\000\040\0002}{table.caption.13}% 15
\BOOKMARK [2][]{section*.14}{\376\377\000M\000a\000g\000i\000s\000k\000\040\000F\000\346\000l\000d\000e}{table.caption.13}% 16
\BOOKMARK [2][]{section*.14}{\376\377\000T\000r\000o\000l\000d\000m\000a\000n\000d\000s\000m\000a\000g\000i\000\040\000N\000i\000v\000.\000\040\0003}{table.caption.13}% 17
\BOOKMARK [0][]{chapter*.15}{\376\377\000N\000i\000v\000e\000a\000u\000\040\0004}{}% 18
\BOOKMARK [1][]{section*.16}{\376\377\000E\000v\000n\000e\000\040\000b\000e\000s\000k\000r\000i\000v\000e\000l\000s\000e\000\040\000f\000o\000r\000\040\000\306\000r\000k\000e\000m\000a\000g\000e\000r}{chapter*.15}% 19
\BOOKMARK [2][]{section*.16}{\376\377\000E\000k\000s\000t\000r\000a\000\040\000M\000a\000n\000a\000\040\000N\000i\000v\000.\000\040\0003}{chapter*.15}% 20
\BOOKMARK [2][]{section*.16}{\376\377\000L\000a\000v\000\040\000M\000a\000n\000a\000k\000r\000y\000s\000t\000a\000l}{chapter*.15}% 21
\BOOKMARK [2][]{section*.16}{\376\377\000T\000r\000o\000l\000d\000m\000a\000n\000d\000s\000m\000a\000g\000i\000\040\000N\000i\000v\000.\000\040\0004}{chapter*.15}% 22
\BOOKMARK [2][]{section*.16}{\376\377\000\306\000r\000k\000e\000m\000a\000g\000i}{chapter*.15}% 23
\BOOKMARK [1][]{section*.16}{\376\377\000E\000v\000n\000e\000\040\000b\000e\000s\000k\000r\000i\000v\000e\000l\000s\000e\000\040\000f\000o\000r\000\040\000K\000r\000i\000g\000s\000m\000a\000g\000e\000r}{chapter*.15}% 24
\BOOKMARK [2][]{section*.17}{\376\377\000B\000r\000u\000g\000\040\000a\000f\000\040\000L\000\346\000d\000e\000r\000r\000u\000s\000t\000n\000i\000n\000g\000/\000\040\000R\000i\000n\000g\000b\000r\000y\000n\000j\000e}{section*.16}% 25
\BOOKMARK [2][]{section*.17}{\376\377\000B\000r\000u\000g\000\040\000a\000f\000\040\000V\000\345\000b\000e\000n}{section*.16}% 26
\BOOKMARK [2][]{section*.17}{\376\377\000E\000k\000s\000t\000r\000a\000\040\000L\000P\000\040\000N\000i\000v\000.\000\040\0001}{section*.16}% 27
\BOOKMARK [2][]{section*.17}{\376\377\000E\000k\000s\000t\000r\000a\000\040\000L\000P\000\040\000N\000i\000v\000.\000\040\0002}{section*.16}% 28
\BOOKMARK [2][]{section*.17}{\376\377\000M\000a\000g\000i\000e\000n\000s\000\040\000H\000y\000l\000s\000t\000e\000r}{section*.16}% 29
\BOOKMARK [2][]{section*.17}{\376\377\000M\000a\000g\000i\000s\000k\000\040\000B\000e\000s\000k\000y\000t\000t\000e\000l\000s\000e}{section*.16}% 30
\BOOKMARK [0][]{chapter*.18}{\376\377\000G\000e\000n\000e\000r\000e\000l\000l\000e\000\040\000e\000v\000n\000e\000r}{}% 31
\BOOKMARK [1][]{table.caption.19}{\376\377\000E\000v\000n\000e\000\040\000b\000e\000s\000k\000r\000i\000v\000e\000l\000s\000e}{chapter*.18}% 32
\BOOKMARK [2][]{section*.20}{\376\377\0006\000.\000\040\000s\000a\000n\000s\000\040\000N\000i\000v\000.\000\040\0001}{table.caption.19}% 33
\BOOKMARK [2][]{section*.20}{\376\377\0006\000.\000\040\000s\000a\000n\000s\000\040\000N\000i\000v\000.\000\040\0002}{table.caption.19}% 34
\BOOKMARK [2][]{section*.20}{\376\377\000B\000o\000n\000k}{table.caption.19}% 35
\BOOKMARK [2][]{section*.20}{\376\377\000B\000\346\000r\000e\000\040\000p\000e\000r\000s\000o\000n}{table.caption.19}% 36
\BOOKMARK [2][]{section*.20}{\376\377\000F\000\370\000r\000s\000t\000e\000h\000j\000\346\000l\000p}{table.caption.19}% 37
\BOOKMARK [2][]{section*.20}{\376\377\000L\000a\000v\000e\000\040\000A\000r\000t\000e\000f\000a\000k\000t\000e\000r}{table.caption.19}% 38
\BOOKMARK [2][]{section*.20}{\376\377\000L\000\346\000s\000e\000\040\000o\000g\000\040\000s\000k\000r\000i\000v\000e}{table.caption.19}% 39
\BOOKMARK [2][]{section*.20}{\376\377\000M\000i\000n\000e\000a\000r\000b\000e\000j\000d\000e\000r}{table.caption.19}% 40
\BOOKMARK [2][]{section*.20}{\376\377\000P\000\345\000f\000\370\000r\000\040\000g\000i\000f\000t}{table.caption.19}% 41
\BOOKMARK [2][]{section*.20}{\376\377\000S\000l\000a\000g\000s\000b\000r\000o\000r\000\040\000N\000i\000v\000.\000\040\0001}{table.caption.19}% 42
\BOOKMARK [2][]{section*.20}{\376\377\000S\000l\000a\000g\000s\000b\000r\000o\000r\000\040\000N\000i\000v\000.\000\040\0002}{table.caption.19}% 43
\BOOKMARK [2][]{section*.20}{\376\377\000S\000l\000a\000g\000s\000b\000r\000o\000r\000\040\000N\000i\000v\000.\000\040\0002}{table.caption.19}% 44
\BOOKMARK [2][]{section*.20}{\376\377\000S\000p\000e\000c\000i\000a\000l\000e}{table.caption.19}% 45
\BOOKMARK [2][]{section*.20}{\376\377\000U\000n\000i\000v\000e\000r\000s\000e\000t\000s\000\040\000C\000e\000n\000t\000r\000u\000m}{table.caption.19}% 46
\BOOKMARK [2][]{section*.20}{\376\377\000U\000r\000t\000e\000s\000a\000m\000l\000e\000r}{table.caption.19}% 47
\BOOKMARK [0][]{chapter*.21}{\376\377\000M\000a\000g\000i}{}% 48
\BOOKMARK [1][]{section*.22}{\376\377\000G\000e\000n\000e\000r\000e\000l\000l\000e\000\040\000r\000e\000g\000l\000e\000r\000\040\000o\000m\000\040\000M\000a\000g\000i}{chapter*.21}% 49
\BOOKMARK [2][]{subsection*.23}{\376\377\000M\000a\000g\000i\000e\000n\000s\000\040\000e\000l\000v\000e\000\040\000b\000u\000d}{section*.22}% 50
\BOOKMARK [2][]{subsection*.24}{\376\377\000A\000t\000\040\000k\000a\000s\000t\000e\000\040\000m\000a\000g\000i}{section*.22}% 51
\BOOKMARK [0][]{chapter*.25}{\376\377\000M\000a\000g\000i\000\040\000s\000o\000m\000\040\000T\000r\000o\000l\000d\000m\000a\000n\000d}{}% 52
\BOOKMARK [1][]{section*.26}{\376\377\000N\000i\000v\000e\000a\000u\000e\000r\000n\000e}{chapter*.25}% 53
\BOOKMARK [1][]{section*.26}{\376\377\000M\000a\000g\000i\000b\000o\000g\000\040\000o\000g\000\040\000R\000i\000t\000e\000r}{chapter*.25}% 54
\BOOKMARK [1][]{section*.26}{\376\377\000M\000a\000n\000a}{chapter*.25}% 55
\BOOKMARK [0][]{chapter*.27}{\376\377\000D\000\346\000m\000o\000n\000o\000l\000o\000g}{}% 56
\BOOKMARK [1][]{section*.28}{\376\377\000D\000e\000d\000i\000k\000e\000r\000e\000t\000\040\000m\000a\000n\000a}{chapter*.27}% 57
\BOOKMARK [1][]{table.caption.29}{\376\377\000P\000r\000i\000m\000\346\000r\000\040\000m\000a\000g\000i}{chapter*.27}% 58
\BOOKMARK [1][]{table.caption.29}{\376\377\000S\000\346\000l\000g\000\040\000d\000i\000n\000\040\000s\000j\000\346\000l}{chapter*.27}% 59
\BOOKMARK [1][]{table.caption.29}{\376\377\000D\000\346\000m\000o\000n\000i\000s\000k\000\040\000h\000\346\000v\000n}{chapter*.27}% 60
\BOOKMARK [1][]{table.caption.29}{\376\377\000K\000o\000r\000r\000u\000p\000t\000i\000o\000n}{chapter*.27}% 61
\BOOKMARK [1][]{table.caption.29}{\376\377\000F\000a\000l\000d\000e\000n\000\040\000E\000n\000g\000e\000l}{chapter*.27}% 62
\BOOKMARK [0][]{chapter*.30}{\376\377\000E\000l\000e\000m\000e\000n\000t\000a\000l\000i\000s\000t}{}% 63
\BOOKMARK [1][]{table.caption.31}{\376\377\000P\000r\000i\000m\000\346\000r\000\040\000m\000a\000g\000i}{chapter*.30}% 64
\BOOKMARK [1][]{table.caption.31}{\376\377\000V\000a\000n\000d}{chapter*.30}% 65
\BOOKMARK [1][]{table.caption.31}{\376\377\000I\000l\000d}{chapter*.30}% 66
\BOOKMARK [1][]{table.caption.31}{\376\377\000J\000o\000r\000d}{chapter*.30}% 67
\BOOKMARK [1][]{table.caption.31}{\376\377\000V\000i\000n\000d}{chapter*.30}% 68
\BOOKMARK [0][]{chapter*.32}{\376\377\000M\000e\000n\000t\000a\000l\000i\000s\000t}{}% 69
\BOOKMARK [1][]{table.caption.33}{\376\377\000P\000r\000i\000m\000\346\000r\000\040\000m\000a\000g\000i}{chapter*.32}% 70
\BOOKMARK [1][]{table.caption.33}{\376\377\000O\000f\000f\000e\000n\000s\000i\000v}{chapter*.32}% 71
\BOOKMARK [1][]{table.caption.33}{\376\377\000D\000e\000f\000e\000n\000s\000i\000v}{chapter*.32}% 72
\BOOKMARK [1][]{table.caption.33}{\376\377\000P\000a\000s\000s\000i\000v}{chapter*.32}% 73
\BOOKMARK [1][]{table.caption.33}{\376\377\000K\000o\000n\000t\000r\000o\000l}{chapter*.32}% 74
\BOOKMARK [0][]{chapter*.34}{\376\377\000N\000e\000k\000r\000o\000m\000a\000n\000t\000i\000k\000e\000r}{}% 75
\BOOKMARK [1][]{table.caption.35}{\376\377\000S\000y\000g\000d\000o\000m}{chapter*.34}% 76
\BOOKMARK [1][]{table.caption.35}{\376\377\000P\000r\000i\000m\000\346\000r\000\040\000m\000a\000g\000i}{chapter*.34}% 77
\BOOKMARK [1][]{table.caption.35}{\376\377\000Z\000o\000m\000b\000i\000e}{chapter*.34}% 78
\BOOKMARK [1][]{table.caption.35}{\376\377\000S\000y\000g\000d\000o\000m\000m\000e\000n\000s\000\040\000M\000\370\000r\000k\000e}{chapter*.34}% 79
\BOOKMARK [1][]{table.caption.35}{\376\377\000S\000j\000\346\000l}{chapter*.34}% 80
\BOOKMARK [1][]{table.caption.35}{\376\377\000F\000o\000r\000r\000\345\000d\000n\000e\000l\000s\000e}{chapter*.34}% 81
\BOOKMARK [0][]{chapter*.36}{\376\377\000L\000i\000s\000t\000e\000\040\000a\000f\000\040\000R\000i\000t\000e\000r}{}% 82
